2026-07-09 16:59:21,464 [INFO] ==================================================
2026-07-09 16:59:21,464 [INFO]   MEBEL NAZORAT TIZIMI ISHGA TUSHDI
2026-07-09 16:59:21,464 [INFO] ==================================================
2026-07-09 17:00:37,206 [INFO] ==================================================
2026-07-09 17:00:37,206 [INFO]   MEBEL NAZORAT TIZIMI ISHGA TUSHDI
2026-07-09 17:00:37,206 [INFO] ==================================================
2026-07-09 17:00:55,330 [INFO] ==================================================
2026-07-09 17:00:55,330 [INFO]   MEBEL NAZORAT TIZIMI ISHGA TUSHDI
2026-07-09 17:00:55,330 [INFO] ==================================================
2026-07-09 17:02:32,637 [INFO] ==================================================
2026-07-09 17:02:32,642 [INFO]   MEBEL NAZORAT TIZIMI ISHGA TUSHDI
2026-07-09 17:02:32,642 [INFO] ==================================================
2026-07-09 17:03:28,132 [INFO] ==================================================
2026-07-09 17:03:28,132 [INFO]   MEBEL NAZORAT TIZIMI ISHGA TUSHDI
2026-07-09 17:03:28,132 [INFO] ==================================================
2026-07-09 17:03:28,132 [INFO] ✅ Model yuklanmoqda: mebel_model.pt
2026-07-09 17:05:00,449 [INFO] ==================================================
2026-07-09 17:05:00,449 [INFO]   MEBEL NAZORAT TIZIMI ISHGA TUSHDI
2026-07-09 17:05:00,449 [INFO] ==================================================
2026-07-09 17:05:00,449 [INFO] ✅ Model yuklanmoqda: mebel_model.pt
2026-07-09 17:37:10,460 [INFO] ==================================================
2026-07-09 17:37:10,460 [INFO]   MEBEL NAZORAT TIZIMI ISHGA TUSHDI
2026-07-09 17:37:10,460 [INFO] ==================================================
2026-07-09 17:43:18,216 [INFO] ==================================================
2026-07-09 17:43:18,216 [INFO]   MEBEL NAZORAT TIZIMI ISHGA TUSHDI
2026-07-09 17:43:18,216 [INFO] ==================================================
2026-07-09 17:43:18,216 [WARNING] ⚠️  mebel_model.pt topilmadi — yolov8n.pt ishlatiladi
2026-07-09 17:43:23,763 [INFO] 🔄 Kameraga ulanmoqda: rtsp://admin:1FaSa1988@192.168.8.5:554/Streaming/Channels/101
2026-07-09 17:43:25,272 [INFO] exit_zone avtomatik: (1280, 0, 2560, 1440)
2026-07-09 17:43:25,369 [INFO] 🎥 Kamera: 2560x1440
2026-07-09 17:43:25,369 [INFO] 🚪 Chiqish zonasi: (1280, 0, 2560, 1440)
2026-07-09 17:43:25,369 [INFO] ▶  Kuzatish boshlandi
2026-07-09 17:43:28,229 [INFO] [DEMO] 🚨 <b>MEBEL SEXI OGOHLANTIRISH!</b>

📦 Mebel: <b>car</b>
📊 Is
2026-07-09 17:43:28,229 [INFO] 🚨 OGOHLANTIRISH: car chiqish zonasida!
2026-07-09 17:43:58,661 [INFO] [DEMO] 🚨 <b>MEBEL SEXI OGOHLANTIRISH!</b>

📦 Mebel: <b>car</b>
📊 Is
2026-07-09 17:43:58,661 [INFO] 🚨 OGOHLANTIRISH: car chiqish zonasida!
2026-07-09 17:44:28,708 [INFO] [DEMO] 🚨 <b>MEBEL SEXI OGOHLANTIRISH!</b>

📦 Mebel: <b>car</b>
📊 Is
2026-07-09 17:44:28,708 [INFO] 🚨 OGOHLANTIRISH: car chiqish zonasida!
2026-07-09 17:44:58,955 [INFO] [DEMO] 🚨 <b>MEBEL SEXI OGOHLANTIRISH!</b>

📦 Mebel: <b>car</b>
📊 Is
2026-07-09 17:44:58,955 [INFO] 🚨 OGOHLANTIRISH: car chiqish zonasida!
2026-07-09 17:45:29,170 [INFO] [DEMO] 🚨 <b>MEBEL SEXI OGOHLANTIRISH!</b>

📦 Mebel: <b>car</b>
📊 Is
2026-07-09 17:45:29,171 [INFO] 🚨 OGOHLANTIRISH: car chiqish zonasida!
2026-07-09 17:45:59,461 [INFO] [DEMO] 🚨 <b>MEBEL SEXI OGOHLANTIRISH!</b>

📦 Mebel: <b>car</b>
📊 Is
2026-07-09 17:45:59,461 [INFO] 🚨 OGOHLANTIRISH: car chiqish zonasida!
2026-07-09 17:46:29,854 [INFO] [DEMO] 🚨 <b>MEBEL SEXI OGOHLANTIRISH!</b>

📦 Mebel: <b>car</b>
📊 Is
2026-07-09 17:46:29,854 [INFO] 🚨 OGOHLANTIRISH: car chiqish zonasida!
2026-07-09 17:46:40,236 [INFO] [DEMO] 🚨 <b>MEBEL SEXI OGOHLANTIRISH!</b>

📦 Mebel: <b>airplane</b>
2026-07-09 17:46:40,236 [INFO] 🚨 OGOHLANTIRISH: airplane chiqish zonasida!
2026-07-09 17:46:41,753 [WARNING] ⚠️  10 ta kadr o'qilmadi — qayta ulanmoqda...
2026-07-09 17:46:46,220 [INFO] ✅ Kamera qayta ulandi
2026-07-09 17:46:58,012 [INFO] Tizim to'xtatildi
2026-07-09 17:52:19,617 [INFO] ==================================================
2026-07-09 17:52:19,617 [INFO]   MEBEL NAZORAT TIZIMI ISHGA TUSHDI
2026-07-09 17:52:19,617 [INFO] ==================================================
2026-07-09 17:52:19,617 [ERROR] ultralytics o'rnatilmagan
2026-07-09 17:52:19,617 [INFO] 🔄 Kameraga ulanmoqda: rtsp://admin:1FaSa1988@192.168.8.5:554/Streaming/Channels/101
2026-07-09 17:52:20,953 [INFO] 🎥 Kamera: 2560x1440
2026-07-09 17:52:20,954 [INFO] 🚪 Chiqish zonasi: (8, 485, 1125, 1438)
2026-07-09 17:52:20,954 [INFO] ▶  Kuzatish boshlandi
2026-07-09 17:54:10,470 [WARNING] ⚠️  10 ta kadr o'qilmadi — qayta ulanmoqda...
2026-07-09 17:54:14,987 [INFO] ✅ Kamera qayta ulandi
2026-07-09 17:56:21,683 [WARNING] ⚠️  10 ta kadr o'qilmadi — qayta ulanmoqda...
2026-07-09 17:56:26,172 [INFO] ✅ Kamera qayta ulandi
2026-07-09 17:58:30,414 [WARNING] ⚠️  10 ta kadr o'qilmadi — qayta ulanmoqda...
2026-07-09 17:58:34,736 [INFO] ✅ Kamera qayta ulandi
2026-07-09 18:01:17,319 [WARNING] ⚠️  10 ta kadr o'qilmadi — qayta ulanmoqda...
2026-07-09 18:01:58,141 [INFO] ==================================================
2026-07-09 18:01:58,141 [INFO]   MEBEL NAZORAT TIZIMI ISHGA TUSHDI
2026-07-09 18:01:58,141 [INFO] ==================================================
2026-07-09 18:01:58,141 [ERROR] ultralytics o'rnatilmagan
2026-07-09 18:01:58,141 [INFO] 🔄 Kameraga ulanmoqda: rtsp://admin:1FaSa1988@192.168.8.5:554/Streaming/Channels/101
2026-07-09 18:01:59,926 [INFO] 🎥 Kamera: 2560x1440
2026-07-09 18:01:59,926 [INFO] 🚪 Chiqish zonasi: (8, 485, 1125, 1438)
2026-07-09 18:01:59,926 [INFO] ▶  Kuzatish boshlandi
2026-07-09 18:03:56,223 [WARNING] ⚠️  5 ta kadr o'qilmadi — qayta ulanmoqda...
2026-07-09 18:04:00,618 [INFO] ✅ Kamera qayta ulandi
2026-07-09 18:04:02,042 [INFO] Tizim to'xtatildi
2026-07-09 18:04:11,252 [INFO] ==================================================
2026-07-09 18:04:11,252 [INFO]   MEBEL NAZORAT TIZIMI ISHGA TUSHDI
2026-07-09 18:04:11,254 [INFO] ==================================================
2026-07-09 18:04:11,351 [INFO] ✅ Sinf nomlari: ['divan', 'kreslo', 'pufik', 'burchak']
2026-07-09 18:04:11,351 [INFO] 🔄 Kameraga ulanmoqda: rtsp://admin:1FaSa1988@192.168.8.5:554/Streaming/Channels/101
2026-07-09 18:04:12,732 [INFO] 🎥 Kamera: 2560x1440
2026-07-09 18:04:12,732 [INFO] 🚪 Chiqish zonasi: (8, 485, 1125, 1438)
2026-07-09 18:04:12,732 [INFO] ▶  Kuzatish boshlandi
2026-07-09 18:06:09,574 [WARNING] ⚠️  5 ta kadr o'qilmadi — qayta ulanmoqda...
2026-07-09 18:06:14,054 [INFO] ✅ Kamera qayta ulandi
2026-07-09 18:08:17,147 [WARNING] ⚠️  5 ta kadr o'qilmadi — qayta ulanmoqda...
2026-07-09 18:08:21,776 [INFO] ✅ Kamera qayta ulandi
2026-07-09 18:11:08,342 [WARNING] ⚠️  5 ta kadr o'qilmadi — qayta ulanmoqda...
2026-07-09 18:11:12,707 [INFO] ✅ Kamera qayta ulandi
2026-07-09 18:14:22,046 [WARNING] ⚠️  5 ta kadr o'qilmadi — qayta ulanmoqda...
2026-07-09 18:14:26,554 [INFO] ✅ Kamera qayta ulandi
2026-07-09 18:16:25,357 [WARNING] ⚠️  5 ta kadr o'qilmadi — qayta ulanmoqda...
2026-07-09 18:16:29,828 [INFO] ✅ Kamera qayta ulandi
2026-07-09 18:19:22,152 [WARNING] ⚠️  5 ta kadr o'qilmadi — qayta ulanmoqda...
2026-07-09 18:19:26,515 [INFO] ✅ Kamera qayta ulandi
2026-07-09 18:21:10,004 [WARNING] ⚠️  5 ta kadr o'qilmadi — qayta ulanmoqda...
2026-07-09 18:21:14,337 [INFO] ✅ Kamera qayta ulandi
2026-07-09 18:23:04,313 [WARNING] ⚠️  5 ta kadr o'qilmadi — qayta ulanmoqda...
2026-07-09 18:23:08,666 [INFO] ✅ Kamera qayta ulandi
2026-07-09 18:24:41,015 [WARNING] ⚠️  5 ta kadr o'qilmadi — qayta ulanmoqda...
2026-07-09 18:24:45,661 [INFO] ✅ Kamera qayta ulandi
2026-07-09 18:26:28,012 [WARNING] ⚠️  5 ta kadr o'qilmadi — qayta ulanmoqda...
2026-07-09 18:26:32,453 [INFO] ✅ Kamera qayta ulandi
2026-07-09 18:28:28,693 [WARNING] ⚠️  5 ta kadr o'qilmadi — qayta ulanmoqda...
2026-07-09 18:28:33,102 [INFO] ✅ Kamera qayta ulandi
2026-07-09 18:30:25,282 [INFO] Tizim to'xtatildi
2026-07-09 19:14:46,149 [INFO] ==================================================
2026-07-09 19:14:46,149 [INFO]   MEBEL NAZORAT TIZIMI ISHGA TUSHDI
2026-07-09 19:14:46,149 [INFO] ==================================================
2026-07-09 19:15:10,196 [INFO] ==================================================
2026-07-09 19:15:10,196 [INFO]   MEBEL NAZORAT TIZIMI ISHGA TUSHDI
2026-07-09 19:15:10,199 [INFO] ==================================================
2026-07-09 19:15:10,288 [INFO] ✅ Sinf nomlari: ['divan', 'kreslo', 'pufik', 'burchak']
2026-07-09 19:15:10,298 [INFO] 🔄 Kameraga ulanmoqda: rtsp://admin:1FaSa1988@192.168.8.5:554/Streaming/Channels/101
2026-07-09 19:15:11,895 [INFO] 🎥 Kamera: 2560x1440
2026-07-09 19:15:11,895 [INFO] 🚪 Chiqish zonasi: (8, 485, 1125, 1438)
2026-07-09 19:15:11,895 [INFO] ▶  Kuzatish boshlandi
2026-07-09 19:16:39,111 [INFO] Tizim to'xtatildi
